##############################################################################
# Allosteric Network Compiler (ANC)
# Copyright (C) 2005-2010 Julien Ollivier
# Author:       Julien F. Ollivier
# Version:      1.00
# Release Date: 2010/9/19
# This program comes with ABSOLUTELY NO WARRANTY.
# This is free software, and you are welcome to redistribute it
# under certain conditions. See file LICENSE.TXT for details.
##############################################################################

MODEL 	= examples/manual/asite_effect.mod
OUT 	= examples/manual/asite_effect.eqn
OUTDIR 	= examples/manual/asite_effect

Start time: Sun Sep 19 14:12:18 EDT 2010
CLEANING UP
CREATING OUTPUT DIRECTORY
READING MODEL examples/manual/asite_effect.mod
REPORTING COMPILE PARAMETERS
max_external_iterations = -1
max_internal_iterations = -1
max_species = -1
max_complex_size = -1
max_csite_bound_to_msite_number = -1
kf_1st_order_rate_cutoff = 0
kf_2nd_order_rate_cutoff = 0
kb_rate_cutoff = 0
kp_rate_cutoff = 0
default_steric_factor = UNDEF
report = all
export_graphviz = primary,canonical,network,collapse_states,collapse_complexes
compact_names = 1
protein_separator = _
IMPORTING COMPLEXES
COMPILING RULES
INSTANTIATING COMPLEXES
INITIALIZING INSTANCES
COMPILING REACTION NETWORK
ReactionNetwork::compile_network: starting...
ReactionNetwork::compile_network: STARTING INTERNAL iteration=1 total_species=1
ReactionNetwork::compile_network: STARTING EXTERNAL iteration=1 total_species=4
ReactionNetwork::compile_network: DONE EXTERNAL iteration=1 total_species=4
ReactionNetwork::compile_network: STARTING FINAL-INTERNAL total_species=4
ReactionNetwork::compile_network: DONE FINAL-INTERNAL total_species=4
ReactionNetwork::compile_network: Done computing species in 1 iterations
COMPILING ICs and STIMULI
Init Ic!00 comprises 1 objects:
	HRR
COMPILING PROBES
Probe R0 comprises 1 objects:
	HSS
Probe R1 comprises 2 objects:
	HSR
	HRS
Probe R2 comprises 1 objects:
	HRR
EXPORTING NETWORK
Facile->export(): generating Facile equation file
REPORTING SPECIES STRUCTURE IN: examples/manual/asite_effect/asite_effect.structures.rpt
REPORTING SPECIES IN: examples/manual/asite_effect/asite_effect.species.rpt
EXPORTING NETWORK TO GRAPHVIZ
EXPORTING SPECIES TO GRAPHVIZ (primary form)
EXPORTING SPECIES TO GRAPHVIZ (canonical form)
Start time: Sun Sep 19 14:12:18 EDT 2010
End time:   Sun Sep 19 14:12:19 EDT 2010
