##############################################################################
# Allosteric Network Compiler (ANC)
# Copyright (C) 2005-2010 Julien Ollivier
# Author:       Julien F. Ollivier
# Version:      1.00
# Release Date: 2010/9/19
# This program comes with ABSOLUTELY NO WARRANTY.
# This is free software, and you are welcome to redistribute it
# under certain conditions. See file LICENSE.TXT for details.
##############################################################################

MODEL 	= examples/manual/ligand_effect.mod
OUT 	= examples/manual/ligand_effect.eqn
OUTDIR 	= examples/manual/ligand_effect

Start time: Sun Sep 19 14:11:48 EDT 2010
CLEANING UP
CREATING OUTPUT DIRECTORY
READING MODEL examples/manual/ligand_effect.mod
REPORTING COMPILE PARAMETERS
max_external_iterations = -1
max_internal_iterations = -1
max_species = -1
max_complex_size = -1
max_csite_bound_to_msite_number = -1
kf_1st_order_rate_cutoff = 0
kf_2nd_order_rate_cutoff = 0
kb_rate_cutoff = 0
kp_rate_cutoff = 0
default_steric_factor = UNDEF
report = all
export_graphviz = primary,canonical,network,collapse_states,collapse_complexes
compact_names = 1
protein_separator = _
IMPORTING COMPLEXES
COMPILING RULES
Compiling rule BR!00 of class CanBindRule
AX CanBind X
Compiling rule BR!01 of class CanBindRule
AX CanBind X
INSTANTIATING COMPLEXES
INITIALIZING INSTANCES
COMPILING REACTION NETWORK
ReactionNetwork::compile_network: starting...
ReactionNetwork::compile_network: STARTING INTERNAL iteration=1 total_species=2
ReactionNetwork::compile_network: STARTING EXTERNAL iteration=1 total_species=3
ReactionNetwork::compile_network: DONE EXTERNAL iteration=1 total_species=5
ReactionNetwork::compile_network: STARTING INTERNAL iteration=2 total_species=5
ReactionNetwork::compile_network: STARTING EXTERNAL iteration=2 total_species=5
ReactionNetwork::compile_network: DONE EXTERNAL iteration=2 total_species=5
ReactionNetwork::compile_network: STARTING FINAL-INTERNAL total_species=5
ReactionNetwork::compile_network: DONE FINAL-INTERNAL total_species=5
ReactionNetwork::compile_network: Done computing species in 2 iterations
COMPILING ICs and STIMULI
Init Ic!00 comprises 1 objects:
	AR
Init Ic!01 comprises 1 objects:
	X
Stimulus Stm!00 comprises 1 objects:
	X
COMPILING PROBES
WARNING: failed to find objects matching criteria for Probe Prb!01
Probe AX_DIMER comprises 2 objects:
	AR_Xi00
	AS_Xi00
Probe A comprises 2 objects:
	AR
	AS
Probe Prb!00 comprises 1 objects:
	X
Probe Prb!01 comprises 0 objects:
(none)
EXPORTING NETWORK
Facile->export(): generating Facile equation file
REPORTING SPECIES STRUCTURE IN: examples/manual/ligand_effect/ligand_effect.structures.rpt
REPORTING SPECIES IN: examples/manual/ligand_effect/ligand_effect.species.rpt
EXPORTING NETWORK TO GRAPHVIZ
EXPORTING SPECIES TO GRAPHVIZ (primary form)
EXPORTING SPECIES TO GRAPHVIZ (canonical form)
Start time: Sun Sep 19 14:11:48 EDT 2010
End time:   Sun Sep 19 14:11:50 EDT 2010
