##############################################################################
# Allosteric Network Compiler (ANC)
# Copyright (C) 2005-2010 Julien Ollivier
# Author:       Julien F. Ollivier
# Version:      1.01
# Release Date: 2011/08/26
# This program comes with ABSOLUTELY NO WARRANTY.
# This is free software, and you are welcome to redistribute it
# under certain conditions. See file LICENSE.TXT for details.
##############################################################################

MODEL 	= examples/multimers/multimer_TTS_gem.mod
OUT 	= examples/multimers/multimer_TTS_gem.eqn
OUTDIR 	= examples/multimers/multimer_TTS_gem

Start time: Thu Aug 25 23:08:31 EDT 2011
CLEANING UP
CREATING OUTPUT DIRECTORY
READING MODEL examples/multimers/multimer_TTS_gem.mod
REPORTING COMPILE PARAMETERS
max_external_iterations = -1
max_internal_iterations = -1
max_species = -1
max_complex_size = -1
max_csite_bound_to_msite_number = -1
kf_1st_order_rate_cutoff = 0
kf_2nd_order_rate_cutoff = 0
kb_rate_cutoff = 0
kp_rate_cutoff = 0
default_steric_factor = UNDEF
report = all
export_graphviz = primary,canonical,network,collapse_states,collapse_complexes
compact_names = 1
protein_separator = _
IMPORTING COMPLEXES
COMPILING RULES
Compiling rule BR!00 of class CanBindRule
D CanBind Dn
Compiling rule BR!01 of class CanBindRule
B CanBind Bn
Compiling rule BR!02 of class CanBindRule
B CanBind Bn
INSTANTIATING COMPLEXES
INITIALIZING INSTANCES
COMPILING REACTION NETWORK
ReactionNetwork::compile_network: starting...
ReactionNetwork::compile_network: STARTING INTERNAL iteration=1 total_species=2
ReactionNetwork::compile_network: STARTING EXTERNAL iteration=1 total_species=11
ReactionNetwork::compile_external_reactions: total_species=20
ReactionNetwork::compile_external_reactions: processing species 5 of 11
ReactionNetwork::compile_external_reactions: processing species 10 of 11
ReactionNetwork::compile_network: DONE EXTERNAL iteration=1 total_species=27
ReactionNetwork::compile_network: STARTING INTERNAL iteration=2 total_species=27
ReactionNetwork::compile_internal_reactions: total_species=40
ReactionNetwork::compile_network: STARTING EXTERNAL iteration=2 total_species=43
ReactionNetwork::compile_external_reactions: total_species=60
ReactionNetwork::compile_external_reactions: total_species=80
ReactionNetwork::compile_external_reactions: processing species 5 of 43
ReactionNetwork::compile_external_reactions: processing species 10 of 43
ReactionNetwork::compile_external_reactions: processing species 15 of 43
ReactionNetwork::compile_external_reactions: processing species 20 of 43
ReactionNetwork::compile_external_reactions: processing species 25 of 43
ReactionNetwork::compile_external_reactions: processing species 30 of 43
ReactionNetwork::compile_external_reactions: processing species 35 of 43
ReactionNetwork::compile_external_reactions: processing species 40 of 43
ReactionNetwork::compile_network: DONE EXTERNAL iteration=2 total_species=85
ReactionNetwork::compile_network: STARTING INTERNAL iteration=3 total_species=85
ReactionNetwork::compile_internal_reactions: processing species 20 of 42
ReactionNetwork::compile_internal_reactions: total_species=100
ReactionNetwork::compile_internal_reactions: processing species 40 of 42
ReactionNetwork::compile_network: STARTING EXTERNAL iteration=3 total_species=103
ReactionNetwork::compile_external_reactions: total_species=120
ReactionNetwork::compile_external_reactions: total_species=140
ReactionNetwork::compile_external_reactions: total_species=160
ReactionNetwork::compile_external_reactions: processing species 5 of 103
ReactionNetwork::compile_external_reactions: processing species 10 of 103
ReactionNetwork::compile_external_reactions: processing species 15 of 103
ReactionNetwork::compile_external_reactions: processing species 20 of 103
ReactionNetwork::compile_external_reactions: processing species 25 of 103
ReactionNetwork::compile_external_reactions: processing species 30 of 103
ReactionNetwork::compile_external_reactions: processing species 35 of 103
ReactionNetwork::compile_external_reactions: processing species 40 of 103
ReactionNetwork::compile_external_reactions: processing species 45 of 103
ReactionNetwork::compile_external_reactions: processing species 50 of 103
ReactionNetwork::compile_external_reactions: processing species 55 of 103
ReactionNetwork::compile_external_reactions: processing species 60 of 103
ReactionNetwork::compile_external_reactions: processing species 65 of 103
ReactionNetwork::compile_external_reactions: processing species 70 of 103
ReactionNetwork::compile_external_reactions: processing species 75 of 103
ReactionNetwork::compile_external_reactions: processing species 80 of 103
ReactionNetwork::compile_external_reactions: processing species 85 of 103
ReactionNetwork::compile_external_reactions: processing species 90 of 103
ReactionNetwork::compile_external_reactions: processing species 95 of 103
ReactionNetwork::compile_external_reactions: processing species 100 of 103
ReactionNetwork::compile_network: DONE EXTERNAL iteration=3 total_species=167
ReactionNetwork::compile_network: STARTING INTERNAL iteration=4 total_species=167
ReactionNetwork::compile_internal_reactions: processing species 20 of 64
ReactionNetwork::compile_internal_reactions: processing species 40 of 64
ReactionNetwork::compile_internal_reactions: total_species=180
ReactionNetwork::compile_internal_reactions: processing species 60 of 64
ReactionNetwork::compile_network: STARTING EXTERNAL iteration=4 total_species=183
ReactionNetwork::compile_external_reactions: total_species=200
ReactionNetwork::compile_external_reactions: total_species=220
ReactionNetwork::compile_external_reactions: total_species=240
ReactionNetwork::compile_external_reactions: processing species 5 of 183
ReactionNetwork::compile_external_reactions: processing species 10 of 183
ReactionNetwork::compile_external_reactions: processing species 15 of 183
ReactionNetwork::compile_external_reactions: processing species 20 of 183
ReactionNetwork::compile_external_reactions: processing species 25 of 183
ReactionNetwork::compile_external_reactions: processing species 30 of 183
ReactionNetwork::compile_external_reactions: processing species 35 of 183
ReactionNetwork::compile_external_reactions: processing species 40 of 183
ReactionNetwork::compile_external_reactions: processing species 45 of 183
ReactionNetwork::compile_external_reactions: processing species 50 of 183
ReactionNetwork::compile_external_reactions: processing species 55 of 183
ReactionNetwork::compile_external_reactions: processing species 60 of 183
ReactionNetwork::compile_external_reactions: processing species 65 of 183
ReactionNetwork::compile_external_reactions: processing species 70 of 183
ReactionNetwork::compile_external_reactions: processing species 75 of 183
ReactionNetwork::compile_external_reactions: processing species 80 of 183
ReactionNetwork::compile_external_reactions: processing species 85 of 183
ReactionNetwork::compile_external_reactions: processing species 90 of 183
ReactionNetwork::compile_external_reactions: processing species 95 of 183
ReactionNetwork::compile_external_reactions: processing species 100 of 183
ReactionNetwork::compile_external_reactions: processing species 105 of 183
ReactionNetwork::compile_external_reactions: processing species 110 of 183
ReactionNetwork::compile_external_reactions: processing species 115 of 183
ReactionNetwork::compile_external_reactions: processing species 120 of 183
ReactionNetwork::compile_external_reactions: processing species 125 of 183
ReactionNetwork::compile_external_reactions: processing species 130 of 183
ReactionNetwork::compile_external_reactions: processing species 135 of 183
ReactionNetwork::compile_external_reactions: processing species 140 of 183
ReactionNetwork::compile_external_reactions: processing species 145 of 183
ReactionNetwork::compile_external_reactions: processing species 150 of 183
ReactionNetwork::compile_external_reactions: processing species 155 of 183
ReactionNetwork::compile_external_reactions: processing species 160 of 183
ReactionNetwork::compile_external_reactions: processing species 165 of 183
ReactionNetwork::compile_external_reactions: processing species 170 of 183
ReactionNetwork::compile_external_reactions: processing species 175 of 183
ReactionNetwork::compile_external_reactions: processing species 180 of 183
ReactionNetwork::compile_network: DONE EXTERNAL iteration=4 total_species=243
ReactionNetwork::compile_network: STARTING INTERNAL iteration=5 total_species=243
ReactionNetwork::compile_internal_reactions: processing species 20 of 60
ReactionNetwork::compile_internal_reactions: processing species 40 of 60
ReactionNetwork::compile_network: STARTING EXTERNAL iteration=5 total_species=253
ReactionNetwork::compile_external_reactions: processing species 5 of 253
ReactionNetwork::compile_external_reactions: processing species 10 of 253
ReactionNetwork::compile_external_reactions: processing species 15 of 253
ReactionNetwork::compile_external_reactions: processing species 20 of 253
ReactionNetwork::compile_external_reactions: processing species 25 of 253
ReactionNetwork::compile_external_reactions: processing species 30 of 253
ReactionNetwork::compile_external_reactions: processing species 35 of 253
ReactionNetwork::compile_external_reactions: processing species 40 of 253
ReactionNetwork::compile_external_reactions: processing species 45 of 253
ReactionNetwork::compile_external_reactions: processing species 50 of 253
ReactionNetwork::compile_external_reactions: processing species 55 of 253
ReactionNetwork::compile_external_reactions: processing species 60 of 253
ReactionNetwork::compile_external_reactions: processing species 65 of 253
ReactionNetwork::compile_external_reactions: processing species 70 of 253
ReactionNetwork::compile_external_reactions: processing species 75 of 253
ReactionNetwork::compile_external_reactions: processing species 80 of 253
ReactionNetwork::compile_external_reactions: processing species 85 of 253
ReactionNetwork::compile_external_reactions: processing species 90 of 253
ReactionNetwork::compile_external_reactions: processing species 95 of 253
ReactionNetwork::compile_external_reactions: processing species 100 of 253
ReactionNetwork::compile_external_reactions: processing species 105 of 253
ReactionNetwork::compile_external_reactions: processing species 110 of 253
ReactionNetwork::compile_external_reactions: processing species 115 of 253
ReactionNetwork::compile_external_reactions: processing species 120 of 253
ReactionNetwork::compile_external_reactions: processing species 125 of 253
ReactionNetwork::compile_external_reactions: processing species 130 of 253
ReactionNetwork::compile_external_reactions: processing species 135 of 253
ReactionNetwork::compile_external_reactions: processing species 140 of 253
ReactionNetwork::compile_external_reactions: processing species 145 of 253
ReactionNetwork::compile_external_reactions: processing species 150 of 253
ReactionNetwork::compile_external_reactions: processing species 155 of 253
ReactionNetwork::compile_external_reactions: processing species 160 of 253
ReactionNetwork::compile_external_reactions: processing species 165 of 253
ReactionNetwork::compile_external_reactions: processing species 170 of 253
ReactionNetwork::compile_external_reactions: processing species 175 of 253
ReactionNetwork::compile_external_reactions: processing species 180 of 253
ReactionNetwork::compile_external_reactions: processing species 185 of 253
ReactionNetwork::compile_external_reactions: processing species 190 of 253
ReactionNetwork::compile_external_reactions: processing species 195 of 253
ReactionNetwork::compile_external_reactions: processing species 200 of 253
ReactionNetwork::compile_external_reactions: processing species 205 of 253
ReactionNetwork::compile_external_reactions: processing species 210 of 253
ReactionNetwork::compile_external_reactions: processing species 215 of 253
ReactionNetwork::compile_external_reactions: processing species 220 of 253
ReactionNetwork::compile_external_reactions: processing species 225 of 253
ReactionNetwork::compile_external_reactions: processing species 230 of 253
ReactionNetwork::compile_external_reactions: processing species 235 of 253
ReactionNetwork::compile_external_reactions: processing species 240 of 253
ReactionNetwork::compile_external_reactions: processing species 245 of 253
ReactionNetwork::compile_external_reactions: processing species 250 of 253
ReactionNetwork::compile_network: DONE EXTERNAL iteration=5 total_species=253
ReactionNetwork::compile_network: STARTING FINAL-INTERNAL total_species=253
ReactionNetwork::compile_network: DONE FINAL-INTERNAL total_species=253
ReactionNetwork::compile_network: Done computing species in 5 iterations
COMPILING ICs and STIMULI
Init Ic!00 comprises 1 objects:
	HTtttt
Stimulus Stm!00 comprises 1 objects:
	L
COMPILING PROBES
Probe p_R comprises 126 objects:
	HRtttt
	HRrttt
	HRrrtt
	HRrrrt
	HRrrrr
	HRtttt_Li00
	HRrttt_Li00
	HRtrtt_Li00
	HRrrtt_Li00
	HRtrrt_Li00
	HRrrrt_Li00
	HRtrrr_Li00
	HRrrrr_Li00
	HRtttt_Li01
	HRrttt_Li01
	HRtrtt_Li01
	HRrrtt_Li01
	HRtrrt_Li01
	HRrrrt_Li01
	HRtrrr_Li01
	HRrrrr_Li01
	HRtttt_L_Li00
	HRrttt_L_Li00
	HRttrt_L_Li00
	HRrrtt_L_Li00
	HRrtrt_L_Li00
	HRttrr_L_Li00
	HRrrrt_L_Li00
	HRrtrr_L_Li00
	HRrrrr_L_Li00
	HRtttt_L_Li01
	HRrttt_L_Li01
	HRtrtt_L_Li01
	HRttrt_L_Li01
	HRrrtt_L_Li01
	HRrtrt_L_Li01
	HRtrrt_L_Li01
	HRttrr_L_Li01
	HRrrrt_L_Li01
	HRrtrr_L_Li01
	HRtrrr_L_Li01
	HRrrrr_L_Li01
	HRtttt_L_Li02
	HRrttt_L_Li02
	HRttrt_L_Li02
	HRrrtt_L_Li02
	HRrtrt_L_Li02
	HRttrr_L_Li02
	HRrrrt_L_Li02
	HRrtrr_L_Li02
	HRrrrr_L_Li02
	HRtttt_L_L_Li00
	HRrttt_L_L_Li00
	HRtttr_L_L_Li00
	HRrrtt_L_L_Li00
	HRrttr_L_L_Li00
	HRrrrt_L_L_Li00
	HRrrtr_L_L_Li00
	HRrrrr_L_L_Li00
	HRtttt_L_L_Li01
	HRrttt_L_L_Li01
	HRtrtt_L_L_Li01
	HRtttr_L_L_Li01
	HRrrtt_L_L_Li01
	HRrttr_L_L_Li01
	HRtrrt_L_L_Li01
	HRtrtr_L_L_Li01
	HRrrrt_L_L_Li01
	HRrrtr_L_L_Li01
	HRtrrr_L_L_Li01
	HRrrrr_L_L_Li01
	HRtttt_L_L_Li02
	HRrttt_L_L_Li02
	HRttrt_L_L_Li02
	HRtttr_L_L_Li02
	HRrrtt_L_L_Li02
	HRrtrt_L_L_Li02
	HRrttr_L_L_Li02
	HRttrr_L_L_Li02
	HRrrrt_L_L_Li02
	HRrrtr_L_L_Li02
	HRrtrr_L_L_Li02
	HRrrrr_L_L_Li02
	HRtttt_L_L_Li03
	HRrttt_L_L_Li03
	HRtttr_L_L_Li03
	HRrrtt_L_L_Li03
	HRrttr_L_L_Li03
	HRrrrt_L_L_Li03
	HRrrtr_L_L_Li03
	HRrrrr_L_L_Li03
	HRtttt_L_L_L_Li00
	HRrttt_L_L_L_Li00
	HRrrtt_L_L_L_Li00
	HRrrrt_L_L_L_Li00
	HRrrrr_L_L_L_Li00
	HRtttt_L_L_L_Li01
	HRrttt_L_L_L_Li01
	HRtrtt_L_L_L_Li01
	HRrrtt_L_L_L_Li01
	HRtrrt_L_L_L_Li01
	HRrrrt_L_L_L_Li01
	HRtrrr_L_L_L_Li01
	HRrrrr_L_L_L_Li01
	HRtttt_L_L_L_Li02
	HRrttt_L_L_L_Li02
	HRttrt_L_L_L_Li02
	HRrrtt_L_L_L_Li02
	HRrtrt_L_L_L_Li02
	HRttrr_L_L_L_Li02
	HRrrrt_L_L_L_Li02
	HRrtrr_L_L_L_Li02
	HRrrrr_L_L_L_Li02
	HRtttt_L_L_L_Li03
	HRrttt_L_L_L_Li03
	HRtttr_L_L_L_Li03
	HRrrtt_L_L_L_Li03
	HRrttr_L_L_L_Li03
	HRrrrt_L_L_L_Li03
	HRrrtr_L_L_L_Li03
	HRrrrr_L_L_L_Li03
	HRtttt_L_L_L_Li04
	HRrttt_L_L_L_Li04
	HRrrtt_L_L_L_Li04
	HRrrrt_L_L_L_Li04
	HRrrrr_L_L_L_Li04
Probe p_T comprises 126 objects:
	HTtttt
	HTrttt
	HTrrtt
	HTrrrt
	HTrrrr
	HTtttt_Li00
	HTrttt_Li00
	HTtrtt_Li00
	HTrrtt_Li00
	HTtrrt_Li00
	HTrrrt_Li00
	HTtrrr_Li00
	HTrrrr_Li00
	HTtttt_Li01
	HTrttt_Li01
	HTtrtt_Li01
	HTrrtt_Li01
	HTtrrt_Li01
	HTrrrt_Li01
	HTtrrr_Li01
	HTrrrr_Li01
	HTtttt_L_Li00
	HTrttt_L_Li00
	HTttrt_L_Li00
	HTrrtt_L_Li00
	HTrtrt_L_Li00
	HTttrr_L_Li00
	HTrrrt_L_Li00
	HTrtrr_L_Li00
	HTrrrr_L_Li00
	HTtttt_L_Li01
	HTrttt_L_Li01
	HTtrtt_L_Li01
	HTttrt_L_Li01
	HTrrtt_L_Li01
	HTrtrt_L_Li01
	HTtrrt_L_Li01
	HTttrr_L_Li01
	HTrrrt_L_Li01
	HTrtrr_L_Li01
	HTtrrr_L_Li01
	HTrrrr_L_Li01
	HTtttt_L_Li02
	HTrttt_L_Li02
	HTttrt_L_Li02
	HTrrtt_L_Li02
	HTrtrt_L_Li02
	HTttrr_L_Li02
	HTrrrt_L_Li02
	HTrtrr_L_Li02
	HTrrrr_L_Li02
	HTtttt_L_L_Li00
	HTrttt_L_L_Li00
	HTtttr_L_L_Li00
	HTrrtt_L_L_Li00
	HTrttr_L_L_Li00
	HTrrrt_L_L_Li00
	HTrrtr_L_L_Li00
	HTrrrr_L_L_Li00
	HTtttt_L_L_Li01
	HTrttt_L_L_Li01
	HTtrtt_L_L_Li01
	HTtttr_L_L_Li01
	HTrrtt_L_L_Li01
	HTrttr_L_L_Li01
	HTtrrt_L_L_Li01
	HTtrtr_L_L_Li01
	HTrrrt_L_L_Li01
	HTrrtr_L_L_Li01
	HTtrrr_L_L_Li01
	HTrrrr_L_L_Li01
	HTtttt_L_L_Li02
	HTrttt_L_L_Li02
	HTttrt_L_L_Li02
	HTtttr_L_L_Li02
	HTrrtt_L_L_Li02
	HTrtrt_L_L_Li02
	HTrttr_L_L_Li02
	HTttrr_L_L_Li02
	HTrrrt_L_L_Li02
	HTrrtr_L_L_Li02
	HTrtrr_L_L_Li02
	HTrrrr_L_L_Li02
	HTtttt_L_L_Li03
	HTrttt_L_L_Li03
	HTtttr_L_L_Li03
	HTrrtt_L_L_Li03
	HTrttr_L_L_Li03
	HTrrrt_L_L_Li03
	HTrrtr_L_L_Li03
	HTrrrr_L_L_Li03
	HTtttt_L_L_L_Li00
	HTrttt_L_L_L_Li00
	HTrrtt_L_L_L_Li00
	HTrrrt_L_L_L_Li00
	HTrrrr_L_L_L_Li00
	HTtttt_L_L_L_Li01
	HTrttt_L_L_L_Li01
	HTtrtt_L_L_L_Li01
	HTrrtt_L_L_L_Li01
	HTtrrt_L_L_L_Li01
	HTrrrt_L_L_L_Li01
	HTtrrr_L_L_L_Li01
	HTrrrr_L_L_L_Li01
	HTtttt_L_L_L_Li02
	HTrttt_L_L_L_Li02
	HTttrt_L_L_L_Li02
	HTrrtt_L_L_L_Li02
	HTrtrt_L_L_L_Li02
	HTttrr_L_L_L_Li02
	HTrrrt_L_L_L_Li02
	HTrtrr_L_L_L_Li02
	HTrrrr_L_L_L_Li02
	HTtttt_L_L_L_Li03
	HTrttt_L_L_L_Li03
	HTtttr_L_L_L_Li03
	HTrrtt_L_L_L_Li03
	HTrttr_L_L_L_Li03
	HTrrrt_L_L_L_Li03
	HTrrtr_L_L_L_Li03
	HTrrrr_L_L_L_Li03
	HTtttt_L_L_L_Li04
	HTrttt_L_L_L_Li04
	HTrrtt_L_L_L_Li04
	HTrrrt_L_L_L_Li04
	HTrrrr_L_L_L_Li04
Probe Prb!00 comprises 1 objects:
	L
Probe p_L0 comprises 10 objects:
	HTtttt
	HRtttt
	HTrttt
	HRrttt
	HTrrtt
	HRrrtt
	HTrrrt
	HRrrrt
	HTrrrr
	HRrrrr
Probe p_L1 comprises 32 objects:
	HTtttt_Li00
	HRtttt_Li00
	HTrttt_Li00
	HTtrtt_Li00
	HRrttt_Li00
	HRtrtt_Li00
	HTrrtt_Li00
	HTtrrt_Li00
	HRrrtt_Li00
	HRtrrt_Li00
	HTrrrt_Li00
	HTtrrr_Li00
	HRrrrt_Li00
	HRtrrr_Li00
	HTrrrr_Li00
	HRrrrr_Li00
	HTtttt_Li01
	HRtttt_Li01
	HTrttt_Li01
	HTtrtt_Li01
	HRrttt_Li01
	HRtrtt_Li01
	HTrrtt_Li01
	HTtrrt_Li01
	HRrrtt_Li01
	HRtrrt_Li01
	HTrrrt_Li01
	HTtrrr_Li01
	HRrrrt_Li01
	HRtrrr_Li01
	HTrrrr_Li01
	HRrrrr_Li01
Probe p_L2 comprises 60 objects:
	HTtttt_L_Li00
	HRtttt_L_Li00
	HTrttt_L_Li00
	HTttrt_L_Li00
	HRrttt_L_Li00
	HRttrt_L_Li00
	HTrrtt_L_Li00
	HTrtrt_L_Li00
	HTttrr_L_Li00
	HRrrtt_L_Li00
	HRrtrt_L_Li00
	HRttrr_L_Li00
	HTrrrt_L_Li00
	HTrtrr_L_Li00
	HRrrrt_L_Li00
	HRrtrr_L_Li00
	HTrrrr_L_Li00
	HRrrrr_L_Li00
	HTtttt_L_Li01
	HRtttt_L_Li01
	HTrttt_L_Li01
	HTtrtt_L_Li01
	HTttrt_L_Li01
	HRrttt_L_Li01
	HRtrtt_L_Li01
	HRttrt_L_Li01
	HTrrtt_L_Li01
	HTrtrt_L_Li01
	HTtrrt_L_Li01
	HTttrr_L_Li01
	HRrrtt_L_Li01
	HRrtrt_L_Li01
	HRtrrt_L_Li01
	HRttrr_L_Li01
	HTrrrt_L_Li01
	HTrtrr_L_Li01
	HTtrrr_L_Li01
	HRrrrt_L_Li01
	HRrtrr_L_Li01
	HRtrrr_L_Li01
	HTrrrr_L_Li01
	HRrrrr_L_Li01
	HTtttt_L_Li02
	HRtttt_L_Li02
	HTrttt_L_Li02
	HTttrt_L_Li02
	HRrttt_L_Li02
	HRttrt_L_Li02
	HTrrtt_L_Li02
	HTrtrt_L_Li02
	HTttrr_L_Li02
	HRrrtt_L_Li02
	HRrtrt_L_Li02
	HRttrr_L_Li02
	HTrrrt_L_Li02
	HTrtrr_L_Li02
	HRrrrt_L_Li02
	HRrtrr_L_Li02
	HTrrrr_L_Li02
	HRrrrr_L_Li02
Probe p_L3 comprises 80 objects:
	HTtttt_L_L_Li00
	HRtttt_L_L_Li00
	HTrttt_L_L_Li00
	HTtttr_L_L_Li00
	HRrttt_L_L_Li00
	HRtttr_L_L_Li00
	HTrrtt_L_L_Li00
	HTrttr_L_L_Li00
	HRrrtt_L_L_Li00
	HRrttr_L_L_Li00
	HTrrrt_L_L_Li00
	HTrrtr_L_L_Li00
	HRrrrt_L_L_Li00
	HRrrtr_L_L_Li00
	HTrrrr_L_L_Li00
	HRrrrr_L_L_Li00
	HTtttt_L_L_Li01
	HRtttt_L_L_Li01
	HTrttt_L_L_Li01
	HTtrtt_L_L_Li01
	HTtttr_L_L_Li01
	HRrttt_L_L_Li01
	HRtrtt_L_L_Li01
	HRtttr_L_L_Li01
	HTrrtt_L_L_Li01
	HTrttr_L_L_Li01
	HTtrrt_L_L_Li01
	HTtrtr_L_L_Li01
	HRrrtt_L_L_Li01
	HRrttr_L_L_Li01
	HRtrrt_L_L_Li01
	HRtrtr_L_L_Li01
	HTrrrt_L_L_Li01
	HTrrtr_L_L_Li01
	HTtrrr_L_L_Li01
	HRrrrt_L_L_Li01
	HRrrtr_L_L_Li01
	HRtrrr_L_L_Li01
	HTrrrr_L_L_Li01
	HRrrrr_L_L_Li01
	HTtttt_L_L_Li02
	HRtttt_L_L_Li02
	HTrttt_L_L_Li02
	HTttrt_L_L_Li02
	HTtttr_L_L_Li02
	HRrttt_L_L_Li02
	HRttrt_L_L_Li02
	HRtttr_L_L_Li02
	HTrrtt_L_L_Li02
	HTrtrt_L_L_Li02
	HTrttr_L_L_Li02
	HTttrr_L_L_Li02
	HRrrtt_L_L_Li02
	HRrtrt_L_L_Li02
	HRrttr_L_L_Li02
	HRttrr_L_L_Li02
	HTrrrt_L_L_Li02
	HTrrtr_L_L_Li02
	HTrtrr_L_L_Li02
	HRrrrt_L_L_Li02
	HRrrtr_L_L_Li02
	HRrtrr_L_L_Li02
	HTrrrr_L_L_Li02
	HRrrrr_L_L_Li02
	HTtttt_L_L_Li03
	HRtttt_L_L_Li03
	HTrttt_L_L_Li03
	HTtttr_L_L_Li03
	HRrttt_L_L_Li03
	HRtttr_L_L_Li03
	HTrrtt_L_L_Li03
	HTrttr_L_L_Li03
	HRrrtt_L_L_Li03
	HRrttr_L_L_Li03
	HTrrrt_L_L_Li03
	HTrrtr_L_L_Li03
	HRrrrt_L_L_Li03
	HRrrtr_L_L_Li03
	HTrrrr_L_L_Li03
	HRrrrr_L_L_Li03
Probe p_L4 comprises 70 objects:
	HTtttt_L_L_L_Li00
	HRtttt_L_L_L_Li00
	HTrttt_L_L_L_Li00
	HRrttt_L_L_L_Li00
	HTrrtt_L_L_L_Li00
	HRrrtt_L_L_L_Li00
	HTrrrt_L_L_L_Li00
	HRrrrt_L_L_L_Li00
	HTrrrr_L_L_L_Li00
	HRrrrr_L_L_L_Li00
	HTtttt_L_L_L_Li01
	HRtttt_L_L_L_Li01
	HTrttt_L_L_L_Li01
	HTtrtt_L_L_L_Li01
	HRrttt_L_L_L_Li01
	HRtrtt_L_L_L_Li01
	HTrrtt_L_L_L_Li01
	HTtrrt_L_L_L_Li01
	HRrrtt_L_L_L_Li01
	HRtrrt_L_L_L_Li01
	HTrrrt_L_L_L_Li01
	HTtrrr_L_L_L_Li01
	HRrrrt_L_L_L_Li01
	HRtrrr_L_L_L_Li01
	HTrrrr_L_L_L_Li01
	HRrrrr_L_L_L_Li01
	HTtttt_L_L_L_Li02
	HRtttt_L_L_L_Li02
	HTrttt_L_L_L_Li02
	HTttrt_L_L_L_Li02
	HRrttt_L_L_L_Li02
	HRttrt_L_L_L_Li02
	HTrrtt_L_L_L_Li02
	HTrtrt_L_L_L_Li02
	HTttrr_L_L_L_Li02
	HRrrtt_L_L_L_Li02
	HRrtrt_L_L_L_Li02
	HRttrr_L_L_L_Li02
	HTrrrt_L_L_L_Li02
	HTrtrr_L_L_L_Li02
	HRrrrt_L_L_L_Li02
	HRrtrr_L_L_L_Li02
	HTrrrr_L_L_L_Li02
	HRrrrr_L_L_L_Li02
	HTtttt_L_L_L_Li03
	HRtttt_L_L_L_Li03
	HTrttt_L_L_L_Li03
	HTtttr_L_L_L_Li03
	HRrttt_L_L_L_Li03
	HRtttr_L_L_L_Li03
	HTrrtt_L_L_L_Li03
	HTrttr_L_L_L_Li03
	HRrrtt_L_L_L_Li03
	HRrttr_L_L_L_Li03
	HTrrrt_L_L_L_Li03
	HTrrtr_L_L_L_Li03
	HRrrrt_L_L_L_Li03
	HRrrtr_L_L_L_Li03
	HTrrrr_L_L_L_Li03
	HRrrrr_L_L_L_Li03
	HTtttt_L_L_L_Li04
	HRtttt_L_L_L_Li04
	HTrttt_L_L_L_Li04
	HRrttt_L_L_L_Li04
	HTrrtt_L_L_L_Li04
	HRrrtt_L_L_L_Li04
	HTrrrt_L_L_L_Li04
	HRrrrt_L_L_L_Li04
	HTrrrr_L_L_L_Li04
	HRrrrr_L_L_L_Li04
EXPORTING NETWORK
Facile->export(): generating Facile equation file
REPORTING SPECIES STRUCTURE IN: examples/multimers/multimer_TTS_gem/multimer_TTS_gem.structures.rpt
REPORTING SPECIES IN: examples/multimers/multimer_TTS_gem/multimer_TTS_gem.species.rpt
EXPORTING NETWORK TO GRAPHVIZ
EXPORTING SPECIES TO GRAPHVIZ (primary form)
EXPORTING SPECIES TO GRAPHVIZ (canonical form)
Start time: Thu Aug 25 23:08:31 EDT 2011
End time:   Thu Aug 25 23:40:53 EDT 2011
