##############################################################################
# Allosteric Network Compiler (ANC)
# Copyright (C) 2005-2010 Julien Ollivier
# Author:       Julien F. Ollivier
# Version:      1.01
# Release Date: 2011/08/26
# This program comes with ABSOLUTELY NO WARRANTY.
# This is free software, and you are welcome to redistribute it
# under certain conditions. See file LICENSE.TXT for details.
##############################################################################

MODEL 	= examples/multimers/multimer_TTS.mod
OUT 	= examples/multimers/multimer_TTS.eqn
OUTDIR 	= examples/multimers/multimer_TTS

Start time: Thu Aug 25 23:03:06 EDT 2011
CLEANING UP
CREATING OUTPUT DIRECTORY
READING MODEL examples/multimers/multimer_TTS.mod
REPORTING COMPILE PARAMETERS
max_external_iterations = -1
max_internal_iterations = -1
max_species = -1
max_complex_size = -1
max_csite_bound_to_msite_number = -1
kf_1st_order_rate_cutoff = 0
kf_2nd_order_rate_cutoff = 0
kb_rate_cutoff = 0
kp_rate_cutoff = 0
default_steric_factor = UNDEF
report = all
export_graphviz = primary,canonical,network,collapse_states,collapse_complexes
compact_names = 1
protein_separator = _
IMPORTING COMPLEXES
COMPILING RULES
Compiling rule BR!00 of class CanBindRule
LB CanBind L
Compiling rule BR!01 of class CanBindRule
LB CanBind L
INSTANTIATING COMPLEXES
INITIALIZING INSTANCES
COMPILING REACTION NETWORK
ReactionNetwork::compile_network: starting...
ReactionNetwork::compile_network: STARTING INTERNAL iteration=1 total_species=2
ReactionNetwork::compile_network: STARTING EXTERNAL iteration=1 total_species=11
ReactionNetwork::compile_external_reactions: total_species=20
ReactionNetwork::compile_external_reactions: processing species 5 of 11
ReactionNetwork::compile_external_reactions: processing species 10 of 11
ReactionNetwork::compile_network: DONE EXTERNAL iteration=1 total_species=27
ReactionNetwork::compile_network: STARTING INTERNAL iteration=2 total_species=27
ReactionNetwork::compile_network: STARTING EXTERNAL iteration=2 total_species=27
ReactionNetwork::compile_external_reactions: total_species=40
ReactionNetwork::compile_external_reactions: processing species 5 of 27
ReactionNetwork::compile_external_reactions: processing species 10 of 27
ReactionNetwork::compile_external_reactions: processing species 15 of 27
ReactionNetwork::compile_external_reactions: processing species 20 of 27
ReactionNetwork::compile_external_reactions: processing species 25 of 27
ReactionNetwork::compile_network: DONE EXTERNAL iteration=2 total_species=45
ReactionNetwork::compile_network: STARTING INTERNAL iteration=3 total_species=45
ReactionNetwork::compile_network: STARTING EXTERNAL iteration=3 total_species=45
ReactionNetwork::compile_external_reactions: total_species=60
ReactionNetwork::compile_external_reactions: processing species 5 of 45
ReactionNetwork::compile_external_reactions: processing species 10 of 45
ReactionNetwork::compile_external_reactions: processing species 15 of 45
ReactionNetwork::compile_external_reactions: processing species 20 of 45
ReactionNetwork::compile_external_reactions: processing species 25 of 45
ReactionNetwork::compile_external_reactions: processing species 30 of 45
ReactionNetwork::compile_external_reactions: processing species 35 of 45
ReactionNetwork::compile_external_reactions: processing species 40 of 45
ReactionNetwork::compile_network: DONE EXTERNAL iteration=3 total_species=61
ReactionNetwork::compile_network: STARTING INTERNAL iteration=4 total_species=61
ReactionNetwork::compile_network: STARTING EXTERNAL iteration=4 total_species=61
ReactionNetwork::compile_external_reactions: processing species 5 of 61
ReactionNetwork::compile_external_reactions: processing species 10 of 61
ReactionNetwork::compile_external_reactions: processing species 15 of 61
ReactionNetwork::compile_external_reactions: processing species 20 of 61
ReactionNetwork::compile_external_reactions: processing species 25 of 61
ReactionNetwork::compile_external_reactions: processing species 30 of 61
ReactionNetwork::compile_external_reactions: processing species 35 of 61
ReactionNetwork::compile_external_reactions: processing species 40 of 61
ReactionNetwork::compile_external_reactions: processing species 45 of 61
ReactionNetwork::compile_external_reactions: processing species 50 of 61
ReactionNetwork::compile_external_reactions: processing species 55 of 61
ReactionNetwork::compile_external_reactions: processing species 60 of 61
ReactionNetwork::compile_network: DONE EXTERNAL iteration=4 total_species=71
ReactionNetwork::compile_network: STARTING INTERNAL iteration=5 total_species=71
ReactionNetwork::compile_network: STARTING EXTERNAL iteration=5 total_species=71
ReactionNetwork::compile_external_reactions: processing species 5 of 71
ReactionNetwork::compile_external_reactions: processing species 10 of 71
ReactionNetwork::compile_external_reactions: processing species 15 of 71
ReactionNetwork::compile_external_reactions: processing species 20 of 71
ReactionNetwork::compile_external_reactions: processing species 25 of 71
ReactionNetwork::compile_external_reactions: processing species 30 of 71
ReactionNetwork::compile_external_reactions: processing species 35 of 71
ReactionNetwork::compile_external_reactions: processing species 40 of 71
ReactionNetwork::compile_external_reactions: processing species 45 of 71
ReactionNetwork::compile_external_reactions: processing species 50 of 71
ReactionNetwork::compile_external_reactions: processing species 55 of 71
ReactionNetwork::compile_external_reactions: processing species 60 of 71
ReactionNetwork::compile_external_reactions: processing species 65 of 71
ReactionNetwork::compile_external_reactions: processing species 70 of 71
ReactionNetwork::compile_network: DONE EXTERNAL iteration=5 total_species=71
ReactionNetwork::compile_network: STARTING FINAL-INTERNAL total_species=71
ReactionNetwork::compile_network: DONE FINAL-INTERNAL total_species=71
ReactionNetwork::compile_network: Done computing species in 5 iterations
COMPILING ICs and STIMULI
Init Ic!00 comprises 1 objects:
	HTtttt
Stimulus Stm!00 comprises 1 objects:
	L
COMPILING PROBES
Probe p_R comprises 35 objects:
	HRtttt
	HRrttt
	HRrrtt
	HRrrrt
	HRrrrr
	HRtttt_Li00
	HRrttt_Li00
	HRtrtt_Li00
	HRrrtt_Li00
	HRtrrt_Li00
	HRrrrt_Li00
	HRtrrr_Li00
	HRrrrr_Li00
	HRtttt_L_Li00
	HRrttt_L_Li00
	HRttrt_L_Li00
	HRrrtt_L_Li00
	HRrtrt_L_Li00
	HRttrr_L_Li00
	HRrrrt_L_Li00
	HRrtrr_L_Li00
	HRrrrr_L_Li00
	HRtttt_L_L_Li00
	HRrttt_L_L_Li00
	HRtttr_L_L_Li00
	HRrrtt_L_L_Li00
	HRrttr_L_L_Li00
	HRrrrt_L_L_Li00
	HRrrtr_L_L_Li00
	HRrrrr_L_L_Li00
	HRtttt_L_L_L_Li00
	HRrttt_L_L_L_Li00
	HRrrtt_L_L_L_Li00
	HRrrrt_L_L_L_Li00
	HRrrrr_L_L_L_Li00
Probe p_T comprises 35 objects:
	HTtttt
	HTrttt
	HTrrtt
	HTrrrt
	HTrrrr
	HTtttt_Li00
	HTrttt_Li00
	HTtrtt_Li00
	HTrrtt_Li00
	HTtrrt_Li00
	HTrrrt_Li00
	HTtrrr_Li00
	HTrrrr_Li00
	HTtttt_L_Li00
	HTrttt_L_Li00
	HTttrt_L_Li00
	HTrrtt_L_Li00
	HTrtrt_L_Li00
	HTttrr_L_Li00
	HTrrrt_L_Li00
	HTrtrr_L_Li00
	HTrrrr_L_Li00
	HTtttt_L_L_Li00
	HTrttt_L_L_Li00
	HTtttr_L_L_Li00
	HTrrtt_L_L_Li00
	HTrttr_L_L_Li00
	HTrrrt_L_L_Li00
	HTrrtr_L_L_Li00
	HTrrrr_L_L_Li00
	HTtttt_L_L_L_Li00
	HTrttt_L_L_L_Li00
	HTrrtt_L_L_L_Li00
	HTrrrt_L_L_L_Li00
	HTrrrr_L_L_L_Li00
Probe Prb!00 comprises 1 objects:
	L
Probe p_L0 comprises 10 objects:
	HTtttt
	HRtttt
	HTrttt
	HRrttt
	HTrrtt
	HRrrtt
	HTrrrt
	HRrrrt
	HTrrrr
	HRrrrr
Probe p_L1 comprises 16 objects:
	HTtttt_Li00
	HRtttt_Li00
	HTrttt_Li00
	HTtrtt_Li00
	HRrttt_Li00
	HRtrtt_Li00
	HTrrtt_Li00
	HTtrrt_Li00
	HRrrtt_Li00
	HRtrrt_Li00
	HTrrrt_Li00
	HTtrrr_Li00
	HRrrrt_Li00
	HRtrrr_Li00
	HTrrrr_Li00
	HRrrrr_Li00
Probe p_L2 comprises 18 objects:
	HTtttt_L_Li00
	HRtttt_L_Li00
	HTrttt_L_Li00
	HTttrt_L_Li00
	HRrttt_L_Li00
	HRttrt_L_Li00
	HTrrtt_L_Li00
	HTrtrt_L_Li00
	HTttrr_L_Li00
	HRrrtt_L_Li00
	HRrtrt_L_Li00
	HRttrr_L_Li00
	HTrrrt_L_Li00
	HTrtrr_L_Li00
	HRrrrt_L_Li00
	HRrtrr_L_Li00
	HTrrrr_L_Li00
	HRrrrr_L_Li00
Probe p_L3 comprises 16 objects:
	HTtttt_L_L_Li00
	HRtttt_L_L_Li00
	HTrttt_L_L_Li00
	HTtttr_L_L_Li00
	HRrttt_L_L_Li00
	HRtttr_L_L_Li00
	HTrrtt_L_L_Li00
	HTrttr_L_L_Li00
	HRrrtt_L_L_Li00
	HRrttr_L_L_Li00
	HTrrrt_L_L_Li00
	HTrrtr_L_L_Li00
	HRrrrt_L_L_Li00
	HRrrtr_L_L_Li00
	HTrrrr_L_L_Li00
	HRrrrr_L_L_Li00
Probe p_L4 comprises 10 objects:
	HTtttt_L_L_L_Li00
	HRtttt_L_L_L_Li00
	HTrttt_L_L_L_Li00
	HRrttt_L_L_L_Li00
	HTrrtt_L_L_L_Li00
	HRrrtt_L_L_L_Li00
	HTrrrt_L_L_L_Li00
	HRrrrt_L_L_L_Li00
	HTrrrr_L_L_L_Li00
	HRrrrr_L_L_L_Li00
EXPORTING NETWORK
Facile->export(): generating Facile equation file
REPORTING SPECIES STRUCTURE IN: examples/multimers/multimer_TTS/multimer_TTS.structures.rpt
REPORTING SPECIES IN: examples/multimers/multimer_TTS/multimer_TTS.species.rpt
EXPORTING NETWORK TO GRAPHVIZ
EXPORTING SPECIES TO GRAPHVIZ (primary form)
EXPORTING SPECIES TO GRAPHVIZ (canonical form)
Start time: Thu Aug 25 23:03:06 EDT 2011
End time:   Thu Aug 25 23:04:30 EDT 2011
