##############################################################################
# Allosteric Network Compiler (ANC)
# Copyright (C) 2005-2010 Julien Ollivier
# Author:       Julien F. Ollivier
# Version:      1.01
# Release Date: 2011/08/26
# This program comes with ABSOLUTELY NO WARRANTY.
# This is free software, and you are welcome to redistribute it
# under certain conditions. See file LICENSE.TXT for details.
##############################################################################

MODEL 	= examples/multimers/multimer_KNF_square.mod
OUT 	= examples/multimers/multimer_KNF_square.eqn
OUTDIR 	= examples/multimers/multimer_KNF_square

Start time: Thu Aug 25 00:37:24 EDT 2011
CLEANING UP
CREATING OUTPUT DIRECTORY
READING MODEL examples/multimers/multimer_KNF_square.mod
REPORTING COMPILE PARAMETERS
max_external_iterations = -1
max_internal_iterations = -1
max_species = -1
max_complex_size = -1
max_csite_bound_to_msite_number = -1
kf_1st_order_rate_cutoff = 0
kf_2nd_order_rate_cutoff = 0
kb_rate_cutoff = 0
kp_rate_cutoff = 0
default_steric_factor = UNDEF
report = all
export_graphviz = primary,canonical,network,collapse_states,collapse_complexes
compact_names = 1
protein_separator = _
IMPORTING COMPLEXES
COMPILING RULES
Compiling rule BR!00 of class CanBindRule
LB CanBind L
Compiling rule BR!01 of class CanBindRule
LB CanBind L
INSTANTIATING COMPLEXES
INITIALIZING INSTANCES
COMPILING REACTION NETWORK
ReactionNetwork::compile_network: starting...
ReactionNetwork::compile_network: STARTING INTERNAL iteration=1 total_species=2
ReactionNetwork::compile_network: STARTING EXTERNAL iteration=1 total_species=7
ReactionNetwork::compile_external_reactions: processing species 5 of 7
ReactionNetwork::compile_network: DONE EXTERNAL iteration=1 total_species=19
ReactionNetwork::compile_network: STARTING INTERNAL iteration=2 total_species=19
ReactionNetwork::compile_network: STARTING EXTERNAL iteration=2 total_species=19
ReactionNetwork::compile_external_reactions: total_species=20
ReactionNetwork::compile_external_reactions: processing species 5 of 19
ReactionNetwork::compile_external_reactions: processing species 10 of 19
ReactionNetwork::compile_external_reactions: processing species 15 of 19
ReactionNetwork::compile_network: DONE EXTERNAL iteration=2 total_species=38
ReactionNetwork::compile_network: STARTING INTERNAL iteration=3 total_species=38
ReactionNetwork::compile_network: STARTING EXTERNAL iteration=3 total_species=38
ReactionNetwork::compile_external_reactions: total_species=40
ReactionNetwork::compile_external_reactions: processing species 5 of 38
ReactionNetwork::compile_external_reactions: processing species 10 of 38
ReactionNetwork::compile_external_reactions: processing species 15 of 38
ReactionNetwork::compile_external_reactions: processing species 20 of 38
ReactionNetwork::compile_external_reactions: processing species 25 of 38
ReactionNetwork::compile_external_reactions: processing species 30 of 38
ReactionNetwork::compile_external_reactions: processing species 35 of 38
ReactionNetwork::compile_network: DONE EXTERNAL iteration=3 total_species=50
ReactionNetwork::compile_network: STARTING INTERNAL iteration=4 total_species=50
ReactionNetwork::compile_network: STARTING EXTERNAL iteration=4 total_species=50
ReactionNetwork::compile_external_reactions: processing species 5 of 50
ReactionNetwork::compile_external_reactions: processing species 10 of 50
ReactionNetwork::compile_external_reactions: processing species 15 of 50
ReactionNetwork::compile_external_reactions: processing species 20 of 50
ReactionNetwork::compile_external_reactions: processing species 25 of 50
ReactionNetwork::compile_external_reactions: processing species 30 of 50
ReactionNetwork::compile_external_reactions: processing species 35 of 50
ReactionNetwork::compile_external_reactions: processing species 40 of 50
ReactionNetwork::compile_external_reactions: processing species 45 of 50
ReactionNetwork::compile_network: DONE EXTERNAL iteration=4 total_species=56
ReactionNetwork::compile_network: STARTING INTERNAL iteration=5 total_species=56
ReactionNetwork::compile_network: STARTING EXTERNAL iteration=5 total_species=56
ReactionNetwork::compile_external_reactions: processing species 5 of 56
ReactionNetwork::compile_external_reactions: processing species 10 of 56
ReactionNetwork::compile_external_reactions: processing species 15 of 56
ReactionNetwork::compile_external_reactions: processing species 20 of 56
ReactionNetwork::compile_external_reactions: processing species 25 of 56
ReactionNetwork::compile_external_reactions: processing species 30 of 56
ReactionNetwork::compile_external_reactions: processing species 35 of 56
ReactionNetwork::compile_external_reactions: processing species 40 of 56
ReactionNetwork::compile_external_reactions: processing species 45 of 56
ReactionNetwork::compile_external_reactions: processing species 50 of 56
ReactionNetwork::compile_external_reactions: processing species 55 of 56
ReactionNetwork::compile_network: DONE EXTERNAL iteration=5 total_species=56
ReactionNetwork::compile_network: STARTING FINAL-INTERNAL total_species=56
ReactionNetwork::compile_network: DONE FINAL-INTERNAL total_species=56
ReactionNetwork::compile_network: Done computing species in 5 iterations
COMPILING ICs and STIMULI
Init Ic!00 comprises 1 objects:
	HTTTT
Stimulus Stm!00 comprises 1 objects:
	L
COMPILING PROBES
Probe p_R0 comprises 6 objects:
	HTTTT
	HTTTT_Li00
	HTTTT_L_Li00
	HTTTT_L_Li01
	HTTTT_L_L_Li00
	HTTTT_L_L_L_Li00
Probe p_R1 comprises 12 objects:
	HRTTT
	HRTTT_Li00
	HTRTT_Li00
	HTTRT_Li00
	HRTTT_L_Li00
	HRTTT_L_Li01
	HTRTT_L_Li01
	HTTRT_L_Li00
	HRTTT_L_L_Li00
	HTRTT_L_L_Li00
	HTTTR_L_L_Li00
	HRTTT_L_L_L_Li00
Probe p_R2 comprises 19 objects:
	HRRTT
	HRTRT
	HRRTT_Li00
	HTRRT_Li00
	HRTRT_Li00
	HTRTR_Li00
	HRRTT_L_Li00
	HRRTT_L_Li01
	HTRRT_L_Li00
	HTTRR_L_Li00
	HRTRT_L_Li00
	HRTRT_L_Li01
	HTRTR_L_Li01
	HRRTT_L_L_Li00
	HRTTR_L_L_Li00
	HRTRT_L_L_Li00
	HTRTR_L_L_Li00
	HRRTT_L_L_L_Li00
	HRTRT_L_L_L_Li00
Probe p_R3 comprises 12 objects:
	HRRRT
	HRRRT_Li00
	HRRTR_Li00
	HTRRR_Li00
	HRRRT_L_Li00
	HRRRT_L_Li01
	HTRRR_L_Li00
	HRRTR_L_Li01
	HRRRT_L_L_Li00
	HRRTR_L_L_Li00
	HRTRR_L_L_Li00
	HRRRT_L_L_L_Li00
Probe p_R4 comprises 6 objects:
	HRRRR
	HRRRR_Li00
	HRRRR_L_Li00
	HRRRR_L_Li01
	HRRRR_L_L_Li00
	HRRRR_L_L_L_Li00
Probe Prb!00 comprises 1 objects:
	L
Probe p_L0 comprises 6 objects:
	HTTTT
	HRTTT
	HRRTT
	HRTRT
	HRRRT
	HRRRR
Probe p_L1 comprises 12 objects:
	HTTTT_Li00
	HRTTT_Li00
	HTRTT_Li00
	HTTRT_Li00
	HRRTT_Li00
	HTRRT_Li00
	HRTRT_Li00
	HTRTR_Li00
	HRRRT_Li00
	HRRTR_Li00
	HTRRR_Li00
	HRRRR_Li00
Probe p_L2 comprises 19 objects:
	HTTTT_L_Li00
	HTTTT_L_Li01
	HRTTT_L_Li00
	HRTTT_L_Li01
	HTRTT_L_Li01
	HTTRT_L_Li00
	HRRTT_L_Li00
	HRRTT_L_Li01
	HTRRT_L_Li00
	HTTRR_L_Li00
	HRTRT_L_Li00
	HRTRT_L_Li01
	HTRTR_L_Li01
	HRRRT_L_Li00
	HRRRT_L_Li01
	HTRRR_L_Li00
	HRRTR_L_Li01
	HRRRR_L_Li00
	HRRRR_L_Li01
Probe p_L3 comprises 12 objects:
	HTTTT_L_L_Li00
	HRTTT_L_L_Li00
	HTRTT_L_L_Li00
	HTTTR_L_L_Li00
	HRRTT_L_L_Li00
	HRTTR_L_L_Li00
	HRTRT_L_L_Li00
	HTRTR_L_L_Li00
	HRRRT_L_L_Li00
	HRRTR_L_L_Li00
	HRTRR_L_L_Li00
	HRRRR_L_L_Li00
Probe p_L4 comprises 6 objects:
	HTTTT_L_L_L_Li00
	HRTTT_L_L_L_Li00
	HRRTT_L_L_L_Li00
	HRTRT_L_L_L_Li00
	HRRRT_L_L_L_Li00
	HRRRR_L_L_L_Li00
EXPORTING NETWORK
Facile->export(): generating Facile equation file
REPORTING SPECIES STRUCTURE IN: examples/multimers/multimer_KNF_square/multimer_KNF_square.structures.rpt
REPORTING SPECIES IN: examples/multimers/multimer_KNF_square/multimer_KNF_square.species.rpt
EXPORTING NETWORK TO GRAPHVIZ
EXPORTING SPECIES TO GRAPHVIZ (primary form)
EXPORTING SPECIES TO GRAPHVIZ (canonical form)
Start time: Thu Aug 25 00:37:24 EDT 2011
End time:   Thu Aug 25 00:38:31 EDT 2011
