##############################################################################
# Allosteric Network Compiler (ANC)
# Copyright (C) 2005-2011 Julien Ollivier
# Author:       Julien F. Ollivier
# Version:      1.01
# Release Date: 2011/08/26
# This program comes with ABSOLUTELY NO WARRANTY.
# This is free software, and you are welcome to redistribute it
# under certain conditions. See file LICENSE.TXT for details.
##############################################################################

MODEL 	= examples/multimers_mix/multimer_MWC_mix.mod
OUT 	= examples/multimers_mix/multimer_MWC_mix.eqn
OUTDIR 	= examples/multimers_mix/multimer_MWC_mix

Start time: Sat Aug 27 18:53:47 EDT 2011
CLEANING UP
CREATING OUTPUT DIRECTORY
READING MODEL examples/multimers_mix/multimer_MWC_mix.mod
REPORTING COMPILE PARAMETERS
max_external_iterations = -1
max_internal_iterations = -1
max_species = -1
max_complex_size = -1
max_csite_bound_to_msite_number = -1
kf_1st_order_rate_cutoff = 0
kf_2nd_order_rate_cutoff = 0
kb_rate_cutoff = 0
kp_rate_cutoff = 0
default_steric_factor = UNDEF
report = all
export_graphviz = primary,canonical,network,collapse_states,collapse_complexes
compact_names = 1
protein_separator = _
IMPORTING COMPLEXES
COMPILING RULES
Compiling rule BR!00 of class CanBindRule
LB CanBind L1
Compiling rule BR!01 of class CanBindRule
LB CanBind L1
Compiling rule BR!02 of class CanBindRule
LB CanBind L2
Compiling rule BR!03 of class CanBindRule
LB CanBind L2
INSTANTIATING COMPLEXES
INITIALIZING INSTANCES
COMPILING REACTION NETWORK
ReactionNetwork::compile_network: starting...
ReactionNetwork::compile_network: STARTING INTERNAL iteration=1 total_species=3
ReactionNetwork::compile_network: STARTING EXTERNAL iteration=1 total_species=4
ReactionNetwork::compile_network: DONE EXTERNAL iteration=1 total_species=8
ReactionNetwork::compile_network: STARTING INTERNAL iteration=2 total_species=8
ReactionNetwork::compile_network: STARTING EXTERNAL iteration=2 total_species=8
ReactionNetwork::compile_external_reactions: processing species 5 of 8
ReactionNetwork::compile_network: DONE EXTERNAL iteration=2 total_species=14
ReactionNetwork::compile_network: STARTING INTERNAL iteration=3 total_species=14
ReactionNetwork::compile_network: STARTING EXTERNAL iteration=3 total_species=14
ReactionNetwork::compile_external_reactions: total_species=20
ReactionNetwork::compile_external_reactions: processing species 5 of 14
ReactionNetwork::compile_external_reactions: processing species 10 of 14
ReactionNetwork::compile_network: DONE EXTERNAL iteration=3 total_species=22
ReactionNetwork::compile_network: STARTING INTERNAL iteration=4 total_species=22
ReactionNetwork::compile_network: STARTING EXTERNAL iteration=4 total_species=22
ReactionNetwork::compile_external_reactions: processing species 5 of 22
ReactionNetwork::compile_external_reactions: processing species 10 of 22
ReactionNetwork::compile_external_reactions: processing species 15 of 22
ReactionNetwork::compile_external_reactions: processing species 20 of 22
ReactionNetwork::compile_network: DONE EXTERNAL iteration=4 total_species=32
ReactionNetwork::compile_network: STARTING INTERNAL iteration=5 total_species=32
ReactionNetwork::compile_network: STARTING EXTERNAL iteration=5 total_species=32
ReactionNetwork::compile_external_reactions: processing species 5 of 32
ReactionNetwork::compile_external_reactions: processing species 10 of 32
ReactionNetwork::compile_external_reactions: processing species 15 of 32
ReactionNetwork::compile_external_reactions: processing species 20 of 32
ReactionNetwork::compile_external_reactions: processing species 25 of 32
ReactionNetwork::compile_external_reactions: processing species 30 of 32
ReactionNetwork::compile_network: DONE EXTERNAL iteration=5 total_species=32
ReactionNetwork::compile_network: STARTING FINAL-INTERNAL total_species=32
ReactionNetwork::compile_network: DONE FINAL-INTERNAL total_species=32
ReactionNetwork::compile_network: Done computing species in 5 iterations
COMPILING ICs and STIMULI
Init Ic!00 comprises 1 objects:
	HT
Init Ic!01 comprises 1 objects:
	L1
Init Ic!02 comprises 1 objects:
	L2
Stimulus Stm!00 comprises 1 objects:
	L1
Stimulus Stm!01 comprises 1 objects:
	L2
COMPILING PROBES
Probe p_H_R comprises 15 objects:
	HR
	HR_L1i00
	HR_L2i00
	HR_L1_L1i00
	HR_L1_L2i00
	HR_L2_L2i00
	HR_L1_L1_L1i00
	HR_L1_L1_L2i00
	HR_L1_L2_L2i00
	HR_L2_L2_L2i00
	HR_L1_L1_L1_L1i00
	HR_L1_L1_L1_L2i00
	HR_L1_L1_L2_L2i00
	HR_L1_L2_L2_L2i00
	HR_L2_L2_L2_L2i00
Probe p_H_T comprises 15 objects:
	HT
	HT_L1i00
	HT_L2i00
	HT_L1_L1i00
	HT_L1_L2i00
	HT_L2_L2i00
	HT_L1_L1_L1i00
	HT_L1_L1_L2i00
	HT_L1_L2_L2i00
	HT_L2_L2_L2i00
	HT_L1_L1_L1_L1i00
	HT_L1_L1_L1_L2i00
	HT_L1_L1_L2_L2i00
	HT_L1_L2_L2_L2i00
	HT_L2_L2_L2_L2i00
Probe p_L1x0 comprises 10 objects:
	HT
	HR
	HT_L2i00
	HR_L2i00
	HT_L2_L2i00
	HR_L2_L2i00
	HT_L2_L2_L2i00
	HR_L2_L2_L2i00
	HT_L2_L2_L2_L2i00
	HR_L2_L2_L2_L2i00
Probe p_L1x1 comprises 8 objects:
	HT_L1i00
	HR_L1i00
	HT_L1_L2i00
	HR_L1_L2i00
	HT_L1_L2_L2i00
	HR_L1_L2_L2i00
	HT_L1_L2_L2_L2i00
	HR_L1_L2_L2_L2i00
Probe p_L1x2 comprises 6 objects:
	HT_L1_L1i00
	HR_L1_L1i00
	HT_L1_L1_L2i00
	HR_L1_L1_L2i00
	HT_L1_L1_L2_L2i00
	HR_L1_L1_L2_L2i00
Probe p_L1x3 comprises 4 objects:
	HT_L1_L1_L1i00
	HR_L1_L1_L1i00
	HT_L1_L1_L1_L2i00
	HR_L1_L1_L1_L2i00
Probe p_L1x4 comprises 2 objects:
	HT_L1_L1_L1_L1i00
	HR_L1_L1_L1_L1i00
Probe Prb!00 comprises 1 objects:
	L1
Probe Prb!01 comprises 1 objects:
	L2
EXPORTING NETWORK
Facile->export(): generating Facile equation file
REPORTING SPECIES STRUCTURE IN: examples/multimers_mix/multimer_MWC_mix/multimer_MWC_mix.structures.rpt
REPORTING SPECIES IN: examples/multimers_mix/multimer_MWC_mix/multimer_MWC_mix.species.rpt
EXPORTING NETWORK TO GRAPHVIZ
EXPORTING SPECIES TO GRAPHVIZ (primary form)
EXPORTING SPECIES TO GRAPHVIZ (canonical form)
Start time: Sat Aug 27 18:53:47 EDT 2011
End time:   Sat Aug 27 18:54:02 EDT 2011
