##############################################################################
# Allosteric Network Compiler (ANC)
# Copyright (C) 2005-2010 Julien Ollivier
# Author:       Julien F. Ollivier
# Version:      1.01
# Release Date: 2011/08/26
# This program comes with ABSOLUTELY NO WARRANTY.
# This is free software, and you are welcome to redistribute it
# under certain conditions. See file LICENSE.TXT for details.
##############################################################################

MODEL 	= examples/GPCR/GPCR_CTC.mod
OUT 	= examples/GPCR/GPCR_CTC.eqn
OUTDIR 	= examples/GPCR/GPCR_CTC

Start time: Thu Aug 25 23:40:42 EDT 2011
CLEANING UP
CREATING OUTPUT DIRECTORY
READING MODEL examples/GPCR/GPCR_CTC.mod
REPORTING COMPILE PARAMETERS
max_external_iterations = -1
max_internal_iterations = -1
max_species = -1
max_complex_size = -1
max_csite_bound_to_msite_number = -1
kf_1st_order_rate_cutoff = 0
kf_2nd_order_rate_cutoff = 0
kb_rate_cutoff = 0
kp_rate_cutoff = 0
default_steric_factor = UNDEF
report = all
export_graphviz = primary,canonical,network,collapse_states,collapse_complexes
compact_names = 1
protein_separator = _
IMPORTING COMPLEXES
COMPILING RULES
Compiling rule BR!00 of class CanBindRule
LB CanBind L1
Compiling rule BR!01 of class CanBindRule
LB CanBind L1
Compiling rule BR!02 of class CanBindRule
LB CanBind L2
Compiling rule BR!03 of class CanBindRule
LB CanBind L2
Compiling rule BR!04 of class CanBindRule
GB CanBind G
Compiling rule BR!05 of class CanBindRule
GB CanBind G
INSTANTIATING COMPLEXES
INITIALIZING INSTANCES
COMPILING REACTION NETWORK
ReactionNetwork::compile_network: starting...
ReactionNetwork::compile_network: STARTING INTERNAL iteration=1 total_species=4
ReactionNetwork::compile_network: STARTING EXTERNAL iteration=1 total_species=5
ReactionNetwork::compile_network: DONE EXTERNAL iteration=1 total_species=11
ReactionNetwork::compile_network: STARTING INTERNAL iteration=2 total_species=11
ReactionNetwork::compile_network: STARTING EXTERNAL iteration=2 total_species=11
ReactionNetwork::compile_external_reactions: processing species 5 of 11
ReactionNetwork::compile_external_reactions: processing species 10 of 11
ReactionNetwork::compile_network: DONE EXTERNAL iteration=2 total_species=15
ReactionNetwork::compile_network: STARTING INTERNAL iteration=3 total_species=15
ReactionNetwork::compile_network: STARTING EXTERNAL iteration=3 total_species=15
ReactionNetwork::compile_external_reactions: processing species 5 of 15
ReactionNetwork::compile_external_reactions: processing species 10 of 15
ReactionNetwork::compile_network: DONE EXTERNAL iteration=3 total_species=15
ReactionNetwork::compile_network: STARTING FINAL-INTERNAL total_species=15
ReactionNetwork::compile_network: DONE FINAL-INTERNAL total_species=15
ReactionNetwork::compile_network: Done computing species in 3 iterations
COMPILING ICs and STIMULI
Init Ic!00 comprises 1 objects:
	Ri
Init Ic!01 comprises 1 objects:
	L1
Init Ic!02 comprises 1 objects:
	L2
Init Ic!03 comprises 1 objects:
	G
Stimulus Stm!00 comprises 1 objects:
	L1
COMPILING PROBES
Probe p_Ri comprises 6 objects:
	Ri
	L1_Rii00
	L2_Rii00
	G_Rii00
	G_L1_Rii00
	G_L2_Rii00
Probe p_Ra comprises 6 objects:
	Ra
	L1_Rai00
	L2_Rai00
	G_Rai00
	G_L1_Rai00
	G_L2_Rai00
Probe L1 comprises 1 objects:
	L1
Probe L2 comprises 1 objects:
	L2
Probe p_TOTAL_R comprises 12 objects:
	Ri
	Ra
	L1_Rii00
	L1_Rai00
	L2_Rii00
	L2_Rai00
	G_Rii00
	G_Rai00
	G_L1_Rii00
	G_L1_Rai00
	G_L2_Rii00
	G_L2_Rai00
Probe p_FREE_R comprises 2 objects:
	Ri
	Ra
Probe p_Lx_R comprises 4 objects:
	L1_Rii00
	L1_Rai00
	L2_Rii00
	L2_Rai00
Probe p_R_G comprises 2 objects:
	G_Rii00
	G_Rai00
Probe p_Lx_R_G comprises 4 objects:
	G_L1_Rii00
	G_L1_Rai00
	G_L2_Rii00
	G_L2_Rai00
Probe p_Ra_G comprises 3 objects:
	G_Rai00
	G_L1_Rai00
	G_L2_Rai00
Probe p_Ri_G comprises 3 objects:
	G_Rii00
	G_L1_Rii00
	G_L2_Rii00
EXPORTING NETWORK
Facile->export(): generating Facile equation file
REPORTING SPECIES STRUCTURE IN: examples/GPCR/GPCR_CTC/GPCR_CTC.structures.rpt
REPORTING SPECIES IN: examples/GPCR/GPCR_CTC/GPCR_CTC.species.rpt
EXPORTING NETWORK TO GRAPHVIZ
EXPORTING SPECIES TO GRAPHVIZ (primary form)
EXPORTING SPECIES TO GRAPHVIZ (canonical form)
Start time: Thu Aug 25 23:40:42 EDT 2011
End time:   Thu Aug 25 23:40:49 EDT 2011
