##############################################################################
# Allosteric Network Compiler (ANC)
# Copyright (C) 2005-2010 Julien Ollivier
# Author:       Julien F. Ollivier
# Version:      1.01
# Release Date: 2011/08/26
# This program comes with ABSOLUTELY NO WARRANTY.
# This is free software, and you are welcome to redistribute it
# under certain conditions. See file LICENSE.TXT for details.
##############################################################################

MODEL 	= examples/GPCR/GPCR_QTC.mod
OUT 	= examples/GPCR/GPCR_QTC.eqn
OUTDIR 	= examples/GPCR/GPCR_QTC

Start time: Thu Aug 25 23:44:19 EDT 2011
CLEANING UP
CREATING OUTPUT DIRECTORY
READING MODEL examples/GPCR/GPCR_QTC.mod
REPORTING COMPILE PARAMETERS
max_external_iterations = -1
max_internal_iterations = -1
max_species = -1
max_complex_size = -1
max_csite_bound_to_msite_number = -1
kf_1st_order_rate_cutoff = 0
kf_2nd_order_rate_cutoff = 0
kb_rate_cutoff = 0
kp_rate_cutoff = 0
default_steric_factor = UNDEF
report = all
export_graphviz = primary,canonical,network,collapse_states,collapse_complexes
compact_names = 1
protein_separator = _
IMPORTING COMPLEXES
COMPILING RULES
Compiling rule BR!00 of class CanBindRule
LB CanBind L
Compiling rule BR!01 of class CanBindRule
LB CanBind L
Compiling rule BR!02 of class CanBindRule
LB CanBind L
Compiling rule BR!03 of class CanBindRule
LB CanBind L
Compiling rule BR!04 of class CanBindRule
GB CanBind G
Compiling rule BR!05 of class CanBindRule
GB CanBind G
Compiling rule BR!06 of class CanBindRule
GB CanBind G
Compiling rule BR!07 of class CanBindRule
GB CanBind G
INSTANTIATING COMPLEXES
INITIALIZING INSTANCES
COMPILING REACTION NETWORK
ReactionNetwork::compile_network: starting...
ReactionNetwork::compile_network: STARTING INTERNAL iteration=1 total_species=3
ReactionNetwork::compile_network: STARTING EXTERNAL iteration=1 total_species=6
ReactionNetwork::compile_external_reactions: processing species 5 of 6
ReactionNetwork::compile_network: DONE EXTERNAL iteration=1 total_species=14
ReactionNetwork::compile_network: STARTING INTERNAL iteration=2 total_species=14
ReactionNetwork::compile_network: STARTING EXTERNAL iteration=2 total_species=14
ReactionNetwork::compile_external_reactions: processing species 5 of 14
ReactionNetwork::compile_external_reactions: processing species 10 of 14
ReactionNetwork::compile_network: DONE EXTERNAL iteration=2 total_species=18
ReactionNetwork::compile_network: STARTING INTERNAL iteration=3 total_species=18
ReactionNetwork::compile_network: STARTING EXTERNAL iteration=3 total_species=18
ReactionNetwork::compile_external_reactions: processing species 5 of 18
ReactionNetwork::compile_external_reactions: processing species 10 of 18
ReactionNetwork::compile_external_reactions: processing species 15 of 18
ReactionNetwork::compile_network: DONE EXTERNAL iteration=3 total_species=18
ReactionNetwork::compile_network: STARTING FINAL-INTERNAL total_species=18
ReactionNetwork::compile_network: DONE FINAL-INTERNAL total_species=18
ReactionNetwork::compile_network: Done computing species in 3 iterations
COMPILING ICs and STIMULI
Init Ic!00 comprises 1 objects:
	Ris
Init Ic!01 comprises 1 objects:
	L
Init Ic!02 comprises 1 objects:
	G
Stimulus Stm!00 comprises 1 objects:
	L
COMPILING PROBES
Probe p_Ris comprises 4 objects:
	Ris
	G_Risi00
	L_Risi00
	G_L_Risi00
Probe p_Rit comprises 4 objects:
	Rit
	L_Riti00
	G_Riti00
	G_L_Riti00
Probe p_Ras comprises 4 objects:
	Ras
	L_Rasi00
	G_Rasi00
	G_L_Rasi00
Probe p_Rat comprises 4 objects:
	Rat
	L_Rati00
	G_Rati00
	G_L_Rati00
Probe p_Rix comprises 8 objects:
	Ris
	Rit
	G_Risi00
	L_Risi00
	L_Riti00
	G_Riti00
	G_L_Risi00
	G_L_Riti00
Probe p_Rax comprises 8 objects:
	Ras
	Rat
	L_Rasi00
	L_Rati00
	G_Rasi00
	G_Rati00
	G_L_Rasi00
	G_L_Rati00
Probe L comprises 1 objects:
	L
Probe p_TOTAL_R comprises 16 objects:
	Ris
	Ras
	Rit
	Rat
	G_Risi00
	L_Risi00
	L_Rasi00
	L_Riti00
	L_Rati00
	G_Rasi00
	G_Riti00
	G_Rati00
	G_L_Risi00
	G_L_Rasi00
	G_L_Riti00
	G_L_Rati00
Probe p_FREE_R comprises 4 objects:
	Ris
	Ras
	Rit
	Rat
Probe p_Lx_R comprises 4 objects:
	L_Risi00
	L_Rasi00
	L_Riti00
	L_Rati00
Probe p_R_G comprises 4 objects:
	G_Risi00
	G_Rasi00
	G_Riti00
	G_Rati00
Probe p_Lx_R_G comprises 4 objects:
	G_L_Risi00
	G_L_Rasi00
	G_L_Riti00
	G_L_Rati00
Probe p_Rax_G comprises 4 objects:
	G_Rasi00
	G_Rati00
	G_L_Rasi00
	G_L_Rati00
Probe p_Rix_G comprises 4 objects:
	G_Risi00
	G_Riti00
	G_L_Risi00
	G_L_Riti00
EXPORTING NETWORK
Facile->export(): generating Facile equation file
REPORTING SPECIES STRUCTURE IN: examples/GPCR/GPCR_QTC/GPCR_QTC.structures.rpt
REPORTING SPECIES IN: examples/GPCR/GPCR_QTC/GPCR_QTC.species.rpt
EXPORTING NETWORK TO GRAPHVIZ
EXPORTING SPECIES TO GRAPHVIZ (primary form)
EXPORTING SPECIES TO GRAPHVIZ (canonical form)
Start time: Thu Aug 25 23:44:19 EDT 2011
End time:   Thu Aug 25 23:44:25 EDT 2011
